running e2c
compiling the C generated code
t33.c: In function ‘main’:
t33.c:4:2: error: expected expression before ‘=’ token
  = ;
  ^
t33.c:5:2: error: expected expression before ‘=’ token
  = ;
  ^
t33.c:6:16: error: ‘a’ undeclared (first use in this function)
 printf("%d\n", a);
                ^
t33.c:6:16: note: each undeclared identifier is reported only once for each function it appears in
t33.c:7:8: error: expected expression before ‘<=’ token
 if( -  <= 0){
        ^
t33.c:8:2: error: expected expression before ‘=’ token
  = ;
  ^
t33.c:9:2: error: expected expression before ‘=’ token
  = ;
  ^
t33.c:11:8: error: expected expression before ‘<=’ token
 if( -  <= 0){
        ^
t33.c:12:2: error: expected expression before ‘=’ token
  = ;
  ^
t33.c:13:2: error: expected expression before ‘=’ token
  = ;
  ^
t33.c:15:8: error: expected expression before ‘<=’ token
 if( -  <= 0){
        ^
t33.c:16:2: error: expected expression before ‘=’ token
  = ;
  ^
t33.c:17:2: error: expected expression before ‘=’ token
  = ;
  ^
t33.c:25:16: error: ‘atwo’ undeclared (first use in this function)
 printf("%d\n", atwo);
                ^
